<?xml version="1.0" encoding="UTF-8"?>
<!-- Generated by org.testng.reporters.JUnitXMLReporter -->
<testsuite ignored="0" hostname="Lenovo-PC" failures="2" tests="20" name="RestAPITestcases" time="26.981" errors="0" timestamp="2020-05-11T21:04:40 IST">
  <testcase classname="com.restapi.testcases.Get_AllEmployeeDetails" name="checkCookies" time="0.009"/>
  <testcase classname="com.restapi.testcases.Get_AllEmployeeDetails" name="checkResponseBody" time="0.006"/>
  <testcase classname="com.restapi.testcases.Get_AllEmployeeDetails" name="checkresponsetime" time="0.007"/>
  <testcase classname="com.restapi.testcases.Get_AllEmployeeDetails" name="checkstatusCode" time="0.002"/>
  <testcase classname="com.restapi.testcases.Get_AllEmployeeDetails" name="checkstatusLine" time="0.002"/>
  <testcase classname="com.restapi.testcases.Post_EmployeeRecord" name="checkCookies" time="0.0"/>
  <testcase classname="com.restapi.testcases.Post_EmployeeRecord" name="checkResponseBody" time="0.015"/>
  <testcase classname="com.restapi.testcases.Post_EmployeeRecord" name="checkresponsetime" time="0.016"/>
  <testcase classname="com.restapi.testcases.Post_EmployeeRecord" name="checkstatusCode" time="0.0"/>
  <testcase classname="com.restapi.testcases.Post_EmployeeRecord" name="checkstatusLine" time="0.0"/>
  <testcase classname="com.restapi.testcases.Update_EmployeeRecord" name="checkCookies" time="0.0"/>
  <testcase classname="com.restapi.testcases.Update_EmployeeRecord" name="checkResponseBody" time="0.0">
    <failure type="java.lang.AssertionError" message="expected [true] but found [false]">
      <![CDATA[java.lang.AssertionError: expected [true] but found [false]
at com.restapi.testcases.Update_EmployeeRecord.checkResponseBody(Update_EmployeeRecord.java:52)
at java.base/java.util.ArrayList.forEach(Unknown Source)
... Removed 32 stack frames]]>
    </failure>
  </testcase> <!-- checkResponseBody -->
  <testcase classname="com.restapi.testcases.Update_EmployeeRecord" name="checkresponsetime" time="0.0"/>
  <testcase classname="com.restapi.testcases.Update_EmployeeRecord" name="checkstatusCode" time="0.016"/>
  <testcase classname="com.restapi.testcases.Update_EmployeeRecord" name="checkstatusLine" time="0.0"/>
  <testcase classname="com.restapi.testcases.Delete_EmployeeRecord" name="checkCookies" time="0.0"/>
  <testcase classname="com.restapi.testcases.Delete_EmployeeRecord" name="checkResponseBody" time="0.0">
    <failure type="java.lang.AssertionError" message="expected [true] but found [false]">
      <![CDATA[java.lang.AssertionError: expected [true] but found [false]
at com.restapi.testcases.Delete_EmployeeRecord.checkResponseBody(Delete_EmployeeRecord.java:42)
at java.base/java.util.ArrayList.forEach(Unknown Source)
... Removed 32 stack frames]]>
    </failure>
  </testcase> <!-- checkResponseBody -->
  <testcase classname="com.restapi.testcases.Delete_EmployeeRecord" name="checkresponsetime" time="0.0"/>
  <testcase classname="com.restapi.testcases.Delete_EmployeeRecord" name="checkstatusCode" time="0.0"/>
  <testcase classname="com.restapi.testcases.Delete_EmployeeRecord" name="checkstatusLine" time="0.0"/>
</testsuite> <!-- RestAPITestcases -->
